<?xml version="1.0" encoding="UTF-8"?>
<!-- Generated by org.testng.reporters.JUnitXMLReporter -->
<testsuite ignored="6" hostname="DESKTOP-N5I0JOS" failures="0" tests="1" name="Default test" time="29.794" errors="0" timestamp="2023-03-29T21:17:54 IST">
  <testcase classname="DEMO.demo1.Testing1" name="demoqa7" time="5.52"/>
  <testcase classname="DEMO.demo1.Testing1" name="demoqa5" time="0.0">
    <ignored/>
  </testcase> <!-- demoqa5 -->
  <testcase classname="DEMO.demo1.Testing1" name="demoqa4" time="0.0">
    <ignored/>
  </testcase> <!-- demoqa4 -->
  <testcase classname="DEMO.demo1.Testing1" name="demoqa6" time="0.0">
    <ignored/>
  </testcase> <!-- demoqa6 -->
  <testcase classname="DEMO.demo1.Testing1" name="demoqa3" time="0.0">
    <ignored/>
  </testcase> <!-- demoqa3 -->
  <testcase classname="DEMO.demo1.Testing1" name="demoqa1" time="0.0">
    <ignored/>
  </testcase> <!-- demoqa1 -->
  <testcase classname="DEMO.demo1.Testing1" name="demoqa2" time="0.0">
    <ignored/>
  </testcase> <!-- demoqa2 -->
</testsuite> <!-- Default test -->
