<?xml version="1.0" encoding="UTF-8"?>
<testng-results ignored="6" total="7" passed="1" failed="0" skipped="0">
  <reporter-output>
  </reporter-output>
  <suite started-at="2023-03-29T21:17:24 IST" name="Default suite" finished-at="2023-03-29T21:17:54 IST" duration-ms="29794">
    <groups>
    </groups>
    <test started-at="2023-03-29T21:17:24 IST" name="Default test" finished-at="2023-03-29T21:17:54 IST" duration-ms="29794">
      <class name="DEMO.demo1.Testing1">
        <test-method is-config="true" signature="BrowserLunch()[pri:0, instance:DEMO.demo1.Testing1@6ae5aa72]" started-at="2023-03-29T21:17:24 IST" name="BrowserLunch" finished-at="2023-03-29T21:17:45 IST" duration-ms="20931" status="PASS">
          <reporter-output>
          </reporter-output>
        </test-method> <!-- BrowserLunch -->
        <test-method is-config="true" signature="elementClick()[pri:0, instance:DEMO.demo1.Testing1@6ae5aa72]" started-at="2023-03-29T21:17:45 IST" name="elementClick" finished-at="2023-03-29T21:17:49 IST" duration-ms="3276" status="PASS">
          <reporter-output>
          </reporter-output>
        </test-method> <!-- elementClick -->
        <test-method signature="demoqa7()[pri:0, instance:DEMO.demo1.Testing1@6ae5aa72]" started-at="2023-03-29T21:17:49 IST" name="demoqa7" finished-at="2023-03-29T21:17:54 IST" duration-ms="5520" status="PASS">
          <reporter-output>
          </reporter-output>
        </test-method> <!-- demoqa7 -->
      </class> <!-- DEMO.demo1.Testing1 -->
    </test> <!-- Default test -->
  </suite> <!-- Default suite -->
</testng-results>
